2022-09-14 04:06:28.400 ERROR [http-nio-8080-exec-5][WebApplicationExceptionMapper:38] null
javax.ws.rs.ClientErrorException: HTTP 404 Not Found
	at org.apache.cxf.jaxrs.utils.SpecExceptions.toHttpException(SpecExceptions.java:117) ~[bundleFile:3.4.4]
	at org.apache.cxf.jaxrs.utils.ExceptionUtils.toHttpException(ExceptionUtils.java:168) [bundleFile:3.4.4]
	at org.apache.cxf.jaxrs.utils.InjectionUtils.handleParameter(InjectionUtils.java:507) ~[bundleFile:3.4.4]
	at org.apache.cxf.jaxrs.utils.InjectionUtils.createParameterObject(InjectionUtils.java:1079) ~[bundleFile:3.4.4]
	at org.apache.cxf.jaxrs.utils.JAXRSUtils.readFromUriParam(JAXRSUtils.java:1263) ~[bundleFile:3.4.4]
	at org.apache.cxf.jaxrs.utils.JAXRSUtils.createHttpParameterValue(JAXRSUtils.java:952) ~[bundleFile:3.4.4]
	at org.apache.cxf.jaxrs.utils.JAXRSUtils.processParameter(JAXRSUtils.java:927) ~[bundleFile:3.4.4]
	at org.apache.cxf.jaxrs.utils.JAXRSUtils.processParameters(JAXRSUtils.java:842) [bundleFile:3.4.4]
	at org.apache.cxf.jaxrs.interceptor.JAXRSInInterceptor.processRequest(JAXRSInInterceptor.java:215) [bundleFile:3.4.4]
	at org.apache.cxf.jaxrs.interceptor.JAXRSInInterceptor.handleMessage(JAXRSInInterceptor.java:79) [bundleFile:3.4.4]
	at org.apache.cxf.phase.PhaseInterceptorChain.doIntercept(PhaseInterceptorChain.java:308) [bundleFile:3.4.4]
	at org.apache.cxf.transport.ChainInitiationObserver.onMessage(ChainInitiationObserver.java:121) [bundleFile:3.4.4]
	at org.apache.cxf.transport.http.AbstractHTTPDestination.invoke(AbstractHTTPDestination.java:265) [bundleFile:3.4.4]
	at org.apache.cxf.transport.servlet.ServletController.invokeDestination(ServletController.java:234) [bundleFile:3.4.4]
	at org.apache.cxf.transport.servlet.ServletController.invoke(ServletController.java:208) [bundleFile:3.4.4]
	at org.apache.cxf.transport.servlet.ServletController.invoke(ServletController.java:160) [bundleFile:3.4.4]
	at org.apache.cxf.transport.servlet.CXFNonSpringServlet.invoke(CXFNonSpringServlet.java:225) [bundleFile:3.4.4]
	at org.apache.cxf.transport.servlet.AbstractHTTPServlet.handleRequest(AbstractHTTPServlet.java:298) [bundleFile:3.4.4]
	at org.apache.cxf.transport.servlet.AbstractHTTPServlet.doGet(AbstractHTTPServlet.java:222) [bundleFile:3.4.4]
	at javax.servlet.http.HttpServlet.service(HttpServlet.java:655) [servlet-api.jar:4.0.FR]
	at org.apache.cxf.transport.servlet.AbstractHTTPServlet.service(AbstractHTTPServlet.java:273) [bundleFile:3.4.4]
	at org.eclipse.equinox.http.servlet.internal.registration.EndpointRegistration.service(EndpointRegistration.java:153) [bundleFile:?]
	at org.eclipse.equinox.http.servlet.internal.servlet.FilterChainImpl.doFilter(FilterChainImpl.java:50) [bundleFile:?]
	at com.liferay.portal.security.auth.verifier.internal.tracker.AuthVerifierFilterTracker$RemoteAccessFilter.doFilter(AuthVerifierFilterTracker.java:164) [bundleFile:?]
	at org.eclipse.equinox.http.servlet.internal.registration.FilterRegistration.doFilter(FilterRegistration.java:121) [bundleFile:?]
	at org.eclipse.equinox.http.servlet.internal.servlet.FilterChainImpl.doFilter(FilterChainImpl.java:45) [bundleFile:?]
	at com.liferay.portal.kernel.servlet.BaseFilter.processFilter(BaseFilter.java:147) [portal-kernel.jar:?]
	at com.liferay.portal.servlet.filters.authverifier.AuthVerifierFilter.processFilter(AuthVerifierFilter.java:212) [portal-impl.jar:?]
	at com.liferay.portal.kernel.servlet.BaseFilter.doFilter(BaseFilter.java:49) [portal-kernel.jar:?]
	at org.eclipse.equinox.http.servlet.internal.registration.FilterRegistration.doFilter(FilterRegistration.java:121) [bundleFile:?]
	at org.eclipse.equinox.http.servlet.internal.servlet.FilterChainImpl.doFilter(FilterChainImpl.java:45) [bundleFile:?]
	at org.eclipse.equinox.http.servlet.internal.servlet.ResponseStateHandler.processRequest(ResponseStateHandler.java:70) [bundleFile:?]
	at org.eclipse.equinox.http.servlet.internal.context.DispatchTargets.doDispatch(DispatchTargets.java:120) [bundleFile:?]
	at org.eclipse.equinox.http.servlet.internal.HttpServiceRuntimeImpl.doDispatch(HttpServiceRuntimeImpl.java:372) [bundleFile:?]
	at org.eclipse.equinox.http.servlet.internal.servlet.ProxyServlet.service(ProxyServlet.java:70) [bundleFile:?]
	at javax.servlet.http.HttpServlet.service(HttpServlet.java:764) [servlet-api.jar:4.0.FR]
	at com.liferay.portal.module.framework.ModuleFrameworkServletAdapter.service(ModuleFrameworkServletAdapter.java:54) [portal-impl.jar:?]
	at javax.servlet.http.HttpServlet.service(HttpServlet.java:764) [servlet-api.jar:4.0.FR]
	at com.liferay.shielded.container.internal.proxy.ServletWrapper.service(ServletWrapper.java:113) [com.liferay.shielded.container.impl.jar:?]
	at org.apache.catalina.core.ApplicationFilterChain.internalDoFilter(ApplicationFilterChain.java:227) [catalina.jar:9.0.56]
	at org.apache.catalina.core.ApplicationFilterChain.doFilter(ApplicationFilterChain.java:162) [catalina.jar:9.0.56]
	at org.apache.tomcat.websocket.server.WsFilter.doFilter(WsFilter.java:53) [tomcat-websocket.jar:9.0.56]
	at org.apache.catalina.core.ApplicationFilterChain.internalDoFilter(ApplicationFilterChain.java:189) [catalina.jar:9.0.56]
	at org.apache.catalina.core.ApplicationFilterChain.doFilter(ApplicationFilterChain.java:162) [catalina.jar:9.0.56]
	at com.liferay.portal.kernel.servlet.filters.invoker.InvokerFilterChain.doFilter(InvokerFilterChain.java:124) [portal-kernel.jar:?]
	at com.liferay.portal.kernel.servlet.BaseFilter.processFilter(BaseFilter.java:147) [portal-kernel.jar:?]
	at com.liferay.change.tracking.internal.servlet.filter.CTCollectionPreviewFilter.processFilter(CTCollectionPreviewFilter.java:66) [bundleFile:?]
	at com.liferay.portal.kernel.servlet.BaseFilter.doFilter(BaseFilter.java:49) [portal-kernel.jar:?]
	at com.liferay.portal.kernel.servlet.filters.invoker.InvokerFilterChain.processDoFilter(InvokerFilterChain.java:215) [portal-kernel.jar:?]
	at com.liferay.portal.kernel.servlet.filters.invoker.InvokerFilterChain.doFilter(InvokerFilterChain.java:116) [portal-kernel.jar:?]
	at com.liferay.portal.servlet.filters.password.modified.PasswordModifiedFilter.processFilter(PasswordModifiedFilter.java:62) [portal-impl.jar:?]
	at com.liferay.portal.kernel.servlet.BaseFilter.doFilter(BaseFilter.java:49) [portal-kernel.jar:?]
	at com.liferay.portal.kernel.servlet.filters.invoker.InvokerFilterChain.processDoFilter(InvokerFilterChain.java:215) [portal-kernel.jar:?]
	at com.liferay.portal.kernel.servlet.filters.invoker.InvokerFilterChain.doFilter(InvokerFilterChain.java:116) [portal-kernel.jar:?]
	at com.liferay.portal.servlet.filters.lockout.LockoutFilter.processFilter(LockoutFilter.java:58) [portal-impl.jar:?]
	at com.liferay.portal.kernel.servlet.BaseFilter.doFilter(BaseFilter.java:49) [portal-kernel.jar:?]
	at com.liferay.portal.kernel.servlet.filters.invoker.InvokerFilterChain.processDoFilter(InvokerFilterChain.java:215) [portal-kernel.jar:?]
	at com.liferay.portal.kernel.servlet.filters.invoker.InvokerFilterChain.doFilter(InvokerFilterChain.java:116) [portal-kernel.jar:?]
	at com.liferay.portal.kernel.servlet.BaseFilter.processFilter(BaseFilter.java:147) [portal-kernel.jar:?]
	at com.liferay.portal.sharepoint.SharepointFilter.processFilter(SharepointFilter.java:88) [portal-impl.jar:?]
	at com.liferay.portal.kernel.servlet.BaseFilter.doFilter(BaseFilter.java:49) [portal-kernel.jar:?]
	at com.liferay.portal.kernel.servlet.filters.invoker.InvokerFilterChain.processDoFilter(InvokerFilterChain.java:215) [portal-kernel.jar:?]
	at com.liferay.portal.kernel.servlet.filters.invoker.InvokerFilterChain.doFilter(InvokerFilterChain.java:116) [portal-kernel.jar:?]
	at com.liferay.portal.kernel.servlet.BaseFilter.processFilter(BaseFilter.java:147) [portal-kernel.jar:?]
	at com.liferay.portal.servlet.filters.virtualhost.VirtualHostFilter.processFilter(VirtualHostFilter.java:245) [portal-impl.jar:?]
	at com.liferay.portal.kernel.servlet.BaseFilter.doFilter(BaseFilter.java:49) [portal-kernel.jar:?]
	at com.liferay.portal.kernel.servlet.filters.invoker.InvokerFilterChain.processDoFilter(InvokerFilterChain.java:215) [portal-kernel.jar:?]
	at com.liferay.portal.kernel.servlet.filters.invoker.InvokerFilterChain.doFilter(InvokerFilterChain.java:116) [portal-kernel.jar:?]
	at com.liferay.portal.kernel.servlet.filters.invoker.InvokerFilterChain.processDirectCallFilter(InvokerFilterChain.java:196) [portal-kernel.jar:?]
	at com.liferay.portal.kernel.servlet.filters.invoker.InvokerFilterChain.doFilter(InvokerFilterChain.java:99) [portal-kernel.jar:?]
	at com.liferay.portal.kernel.servlet.filters.invoker.InvokerFilterChain.processDirectCallFilter(InvokerFilterChain.java:196) [portal-kernel.jar:?]
	at com.liferay.portal.kernel.servlet.filters.invoker.InvokerFilterChain.doFilter(InvokerFilterChain.java:99) [portal-kernel.jar:?]
	at org.tuckey.web.filters.urlrewrite.RuleChain.handleRewrite(RuleChain.java:176) [urlrewritefilter-4.0.4.jar:4.0.4]
	at org.tuckey.web.filters.urlrewrite.RuleChain.doRules(RuleChain.java:145) [urlrewritefilter-4.0.4.jar:4.0.4]
	at org.tuckey.web.filters.urlrewrite.UrlRewriter.processRequest(UrlRewriter.java:92) [urlrewritefilter-4.0.4.jar:4.0.4]
	at org.tuckey.web.filters.urlrewrite.UrlRewriteFilter.doFilter(UrlRewriteFilter.java:389) [urlrewritefilter-4.0.4.jar:4.0.4]
	at com.liferay.portal.url.rewrite.filter.internal.URLRewriteFilter.processFilter(URLRewriteFilter.java:99) [bundleFile:?]
	at com.liferay.portal.kernel.servlet.BaseFilter.doFilter(BaseFilter.java:49) [portal-kernel.jar:?]
	at com.liferay.portal.kernel.servlet.filters.invoker.InvokerFilterChain.processDoFilter(InvokerFilterChain.java:215) [portal-kernel.jar:?]
	at com.liferay.portal.kernel.servlet.filters.invoker.InvokerFilterChain.doFilter(InvokerFilterChain.java:116) [portal-kernel.jar:?]
	at com.liferay.portal.kernel.servlet.filters.invoker.InvokerFilterChain.processDirectCallFilter(InvokerFilterChain.java:175) [portal-kernel.jar:?]
	at com.liferay.portal.kernel.servlet.filters.invoker.InvokerFilterChain.doFilter(InvokerFilterChain.java:99) [portal-kernel.jar:?]
	at com.liferay.portal.kernel.servlet.filters.invoker.InvokerFilterChain.processDirectCallFilter(InvokerFilterChain.java:175) [portal-kernel.jar:?]
	at com.liferay.portal.kernel.servlet.filters.invoker.InvokerFilterChain.doFilter(InvokerFilterChain.java:99) [portal-kernel.jar:?]
	at com.liferay.portal.kernel.servlet.filters.invoker.InvokerFilterChain.processDirectCallFilter(InvokerFilterChain.java:196) [portal-kernel.jar:?]
	at com.liferay.portal.kernel.servlet.filters.invoker.InvokerFilterChain.doFilter(InvokerFilterChain.java:99) [portal-kernel.jar:?]
	at com.liferay.portal.kernel.servlet.filters.invoker.InvokerFilter.doFilter(InvokerFilter.java:104) [portal-kernel.jar:?]
	at com.liferay.shielded.container.internal.proxy.FilterWrapper.doFilter(FilterWrapper.java:79) [com.liferay.shielded.container.impl.jar:?]
	at org.apache.catalina.core.ApplicationFilterChain.internalDoFilter(ApplicationFilterChain.java:189) [catalina.jar:9.0.56]
	at org.apache.catalina.core.ApplicationFilterChain.doFilter(ApplicationFilterChain.java:162) [catalina.jar:9.0.56]
	at org.apache.catalina.core.StandardWrapperValve.invoke(StandardWrapperValve.java:197) [catalina.jar:9.0.56]
	at org.apache.catalina.core.StandardContextValve.invoke(StandardContextValve.java:97) [catalina.jar:9.0.56]
	at org.apache.catalina.authenticator.AuthenticatorBase.invoke(AuthenticatorBase.java:540) [catalina.jar:9.0.56]
	at org.apache.catalina.core.StandardHostValve.invoke(StandardHostValve.java:135) [catalina.jar:9.0.56]
	at org.apache.catalina.valves.ErrorReportValve.invoke(ErrorReportValve.java:92) [catalina.jar:9.0.56]
	at org.apache.catalina.core.StandardEngineValve.invoke(StandardEngineValve.java:78) [catalina.jar:9.0.56]
	at org.apache.catalina.connector.CoyoteAdapter.service(CoyoteAdapter.java:357) [catalina.jar:9.0.56]
	at org.apache.coyote.http11.Http11Processor.service(Http11Processor.java:382) [tomcat-coyote.jar:9.0.56]
	at org.apache.coyote.AbstractProcessorLight.process(AbstractProcessorLight.java:65) [tomcat-coyote.jar:9.0.56]
	at org.apache.coyote.AbstractProtocol$ConnectionHandler.process(AbstractProtocol.java:895) [tomcat-coyote.jar:9.0.56]
	at org.apache.tomcat.util.net.NioEndpoint$SocketProcessor.doRun(NioEndpoint.java:1732) [tomcat-coyote.jar:9.0.56]
	at org.apache.tomcat.util.net.SocketProcessorBase.run(SocketProcessorBase.java:49) [tomcat-coyote.jar:9.0.56]
	at org.apache.tomcat.util.threads.ThreadPoolExecutor.runWorker(ThreadPoolExecutor.java:1191) [tomcat-util.jar:9.0.56]
	at org.apache.tomcat.util.threads.ThreadPoolExecutor$Worker.run(ThreadPoolExecutor.java:659) [tomcat-util.jar:9.0.56]
	at org.apache.tomcat.util.threads.TaskThread$WrappingRunnable.run(TaskThread.java:61) [tomcat-util.jar:9.0.56]
	at java.lang.Thread.run(Thread.java:748) [?:1.8.0_301]
Caused by: java.lang.NumberFormatException: For input string: "com.liferay.object.rest.dto.v1_0.ObjectEntry"
	at java.lang.NumberFormatException.forInputString(NumberFormatException.java:65) ~[?:1.8.0_301]
	at java.lang.Long.parseLong(Long.java:589) ~[?:1.8.0_301]
	at java.lang.Long.<init>(Long.java:965) ~[?:1.8.0_301]
	at sun.reflect.NativeConstructorAccessorImpl.newInstance0(Native Method) ~[?:1.8.0_301]
	at sun.reflect.NativeConstructorAccessorImpl.newInstance(NativeConstructorAccessorImpl.java:62) ~[?:1.8.0_301]
	at sun.reflect.DelegatingConstructorAccessorImpl.newInstance(DelegatingConstructorAccessorImpl.java:45) ~[?:1.8.0_301]
	at java.lang.reflect.Constructor.newInstance(Constructor.java:423) ~[?:1.8.0_301]
	at org.apache.cxf.jaxrs.utils.InjectionUtils.handleParameter(InjectionUtils.java:496) ~[bundleFile:3.4.4]
	... 103 more
2022-09-14 04:06:28.415 WARN  [http-nio-8080-exec-5][BaseExceptionMapper:81] Problem {detail=null, status=Not Found, title=HTTP 404 Not Found, type=null}
javax.ws.rs.ClientErrorException: HTTP 404 Not Found
	at org.apache.cxf.jaxrs.utils.SpecExceptions.toHttpException(SpecExceptions.java:117) ~[bundleFile:3.4.4]
	at org.apache.cxf.jaxrs.utils.ExceptionUtils.toHttpException(ExceptionUtils.java:168) [bundleFile:3.4.4]
	at org.apache.cxf.jaxrs.utils.InjectionUtils.handleParameter(InjectionUtils.java:507) ~[bundleFile:3.4.4]
	at org.apache.cxf.jaxrs.utils.InjectionUtils.createParameterObject(InjectionUtils.java:1079) ~[bundleFile:3.4.4]
	at org.apache.cxf.jaxrs.utils.JAXRSUtils.readFromUriParam(JAXRSUtils.java:1263) ~[bundleFile:3.4.4]
	at org.apache.cxf.jaxrs.utils.JAXRSUtils.createHttpParameterValue(JAXRSUtils.java:952) ~[bundleFile:3.4.4]
	at org.apache.cxf.jaxrs.utils.JAXRSUtils.processParameter(JAXRSUtils.java:927) ~[bundleFile:3.4.4]
	at org.apache.cxf.jaxrs.utils.JAXRSUtils.processParameters(JAXRSUtils.java:842) [bundleFile:3.4.4]
	at org.apache.cxf.jaxrs.interceptor.JAXRSInInterceptor.processRequest(JAXRSInInterceptor.java:215) [bundleFile:3.4.4]
	at org.apache.cxf.jaxrs.interceptor.JAXRSInInterceptor.handleMessage(JAXRSInInterceptor.java:79) [bundleFile:3.4.4]
	at org.apache.cxf.phase.PhaseInterceptorChain.doIntercept(PhaseInterceptorChain.java:308) [bundleFile:3.4.4]
	at org.apache.cxf.transport.ChainInitiationObserver.onMessage(ChainInitiationObserver.java:121) [bundleFile:3.4.4]
	at org.apache.cxf.transport.http.AbstractHTTPDestination.invoke(AbstractHTTPDestination.java:265) [bundleFile:3.4.4]
	at org.apache.cxf.transport.servlet.ServletController.invokeDestination(ServletController.java:234) [bundleFile:3.4.4]
	at org.apache.cxf.transport.servlet.ServletController.invoke(ServletController.java:208) [bundleFile:3.4.4]
	at org.apache.cxf.transport.servlet.ServletController.invoke(ServletController.java:160) [bundleFile:3.4.4]
	at org.apache.cxf.transport.servlet.CXFNonSpringServlet.invoke(CXFNonSpringServlet.java:225) [bundleFile:3.4.4]
	at org.apache.cxf.transport.servlet.AbstractHTTPServlet.handleRequest(AbstractHTTPServlet.java:298) [bundleFile:3.4.4]
	at org.apache.cxf.transport.servlet.AbstractHTTPServlet.doGet(AbstractHTTPServlet.java:222) [bundleFile:3.4.4]
	at javax.servlet.http.HttpServlet.service(HttpServlet.java:655) [servlet-api.jar:4.0.FR]
	at org.apache.cxf.transport.servlet.AbstractHTTPServlet.service(AbstractHTTPServlet.java:273) [bundleFile:3.4.4]
	at org.eclipse.equinox.http.servlet.internal.registration.EndpointRegistration.service(EndpointRegistration.java:153) [bundleFile:?]
	at org.eclipse.equinox.http.servlet.internal.servlet.FilterChainImpl.doFilter(FilterChainImpl.java:50) [bundleFile:?]
	at com.liferay.portal.security.auth.verifier.internal.tracker.AuthVerifierFilterTracker$RemoteAccessFilter.doFilter(AuthVerifierFilterTracker.java:164) [bundleFile:?]
	at org.eclipse.equinox.http.servlet.internal.registration.FilterRegistration.doFilter(FilterRegistration.java:121) [bundleFile:?]
	at org.eclipse.equinox.http.servlet.internal.servlet.FilterChainImpl.doFilter(FilterChainImpl.java:45) [bundleFile:?]
	at com.liferay.portal.kernel.servlet.BaseFilter.processFilter(BaseFilter.java:147) [portal-kernel.jar:?]
	at com.liferay.portal.servlet.filters.authverifier.AuthVerifierFilter.processFilter(AuthVerifierFilter.java:212) [portal-impl.jar:?]
	at com.liferay.portal.kernel.servlet.BaseFilter.doFilter(BaseFilter.java:49) [portal-kernel.jar:?]
	at org.eclipse.equinox.http.servlet.internal.registration.FilterRegistration.doFilter(FilterRegistration.java:121) [bundleFile:?]
	at org.eclipse.equinox.http.servlet.internal.servlet.FilterChainImpl.doFilter(FilterChainImpl.java:45) [bundleFile:?]
	at org.eclipse.equinox.http.servlet.internal.servlet.ResponseStateHandler.processRequest(ResponseStateHandler.java:70) [bundleFile:?]
	at org.eclipse.equinox.http.servlet.internal.context.DispatchTargets.doDispatch(DispatchTargets.java:120) [bundleFile:?]
	at org.eclipse.equinox.http.servlet.internal.HttpServiceRuntimeImpl.doDispatch(HttpServiceRuntimeImpl.java:372) [bundleFile:?]
	at org.eclipse.equinox.http.servlet.internal.servlet.ProxyServlet.service(ProxyServlet.java:70) [bundleFile:?]
	at javax.servlet.http.HttpServlet.service(HttpServlet.java:764) [servlet-api.jar:4.0.FR]
	at com.liferay.portal.module.framework.ModuleFrameworkServletAdapter.service(ModuleFrameworkServletAdapter.java:54) [portal-impl.jar:?]
	at javax.servlet.http.HttpServlet.service(HttpServlet.java:764) [servlet-api.jar:4.0.FR]
	at com.liferay.shielded.container.internal.proxy.ServletWrapper.service(ServletWrapper.java:113) [com.liferay.shielded.container.impl.jar:?]
	at org.apache.catalina.core.ApplicationFilterChain.internalDoFilter(ApplicationFilterChain.java:227) [catalina.jar:9.0.56]
	at org.apache.catalina.core.ApplicationFilterChain.doFilter(ApplicationFilterChain.java:162) [catalina.jar:9.0.56]
	at org.apache.tomcat.websocket.server.WsFilter.doFilter(WsFilter.java:53) [tomcat-websocket.jar:9.0.56]
	at org.apache.catalina.core.ApplicationFilterChain.internalDoFilter(ApplicationFilterChain.java:189) [catalina.jar:9.0.56]
	at org.apache.catalina.core.ApplicationFilterChain.doFilter(ApplicationFilterChain.java:162) [catalina.jar:9.0.56]
	at com.liferay.portal.kernel.servlet.filters.invoker.InvokerFilterChain.doFilter(InvokerFilterChain.java:124) [portal-kernel.jar:?]
	at com.liferay.portal.kernel.servlet.BaseFilter.processFilter(BaseFilter.java:147) [portal-kernel.jar:?]
	at com.liferay.change.tracking.internal.servlet.filter.CTCollectionPreviewFilter.processFilter(CTCollectionPreviewFilter.java:66) [bundleFile:?]
	at com.liferay.portal.kernel.servlet.BaseFilter.doFilter(BaseFilter.java:49) [portal-kernel.jar:?]
	at com.liferay.portal.kernel.servlet.filters.invoker.InvokerFilterChain.processDoFilter(InvokerFilterChain.java:215) [portal-kernel.jar:?]
	at com.liferay.portal.kernel.servlet.filters.invoker.InvokerFilterChain.doFilter(InvokerFilterChain.java:116) [portal-kernel.jar:?]
	at com.liferay.portal.servlet.filters.password.modified.PasswordModifiedFilter.processFilter(PasswordModifiedFilter.java:62) [portal-impl.jar:?]
	at com.liferay.portal.kernel.servlet.BaseFilter.doFilter(BaseFilter.java:49) [portal-kernel.jar:?]
	at com.liferay.portal.kernel.servlet.filters.invoker.InvokerFilterChain.processDoFilter(InvokerFilterChain.java:215) [portal-kernel.jar:?]
	at com.liferay.portal.kernel.servlet.filters.invoker.InvokerFilterChain.doFilter(InvokerFilterChain.java:116) [portal-kernel.jar:?]
	at com.liferay.portal.servlet.filters.lockout.LockoutFilter.processFilter(LockoutFilter.java:58) [portal-impl.jar:?]
	at com.liferay.portal.kernel.servlet.BaseFilter.doFilter(BaseFilter.java:49) [portal-kernel.jar:?]
	at com.liferay.portal.kernel.servlet.filters.invoker.InvokerFilterChain.processDoFilter(InvokerFilterChain.java:215) [portal-kernel.jar:?]
	at com.liferay.portal.kernel.servlet.filters.invoker.InvokerFilterChain.doFilter(InvokerFilterChain.java:116) [portal-kernel.jar:?]
	at com.liferay.portal.kernel.servlet.BaseFilter.processFilter(BaseFilter.java:147) [portal-kernel.jar:?]
	at com.liferay.portal.sharepoint.SharepointFilter.processFilter(SharepointFilter.java:88) [portal-impl.jar:?]
	at com.liferay.portal.kernel.servlet.BaseFilter.doFilter(BaseFilter.java:49) [portal-kernel.jar:?]
	at com.liferay.portal.kernel.servlet.filters.invoker.InvokerFilterChain.processDoFilter(InvokerFilterChain.java:215) [portal-kernel.jar:?]
	at com.liferay.portal.kernel.servlet.filters.invoker.InvokerFilterChain.doFilter(InvokerFilterChain.java:116) [portal-kernel.jar:?]
	at com.liferay.portal.kernel.servlet.BaseFilter.processFilter(BaseFilter.java:147) [portal-kernel.jar:?]
	at com.liferay.portal.servlet.filters.virtualhost.VirtualHostFilter.processFilter(VirtualHostFilter.java:245) [portal-impl.jar:?]
	at com.liferay.portal.kernel.servlet.BaseFilter.doFilter(BaseFilter.java:49) [portal-kernel.jar:?]
	at com.liferay.portal.kernel.servlet.filters.invoker.InvokerFilterChain.processDoFilter(InvokerFilterChain.java:215) [portal-kernel.jar:?]
	at com.liferay.portal.kernel.servlet.filters.invoker.InvokerFilterChain.doFilter(InvokerFilterChain.java:116) [portal-kernel.jar:?]
	at com.liferay.portal.kernel.servlet.filters.invoker.InvokerFilterChain.processDirectCallFilter(InvokerFilterChain.java:196) [portal-kernel.jar:?]
	at com.liferay.portal.kernel.servlet.filters.invoker.InvokerFilterChain.doFilter(InvokerFilterChain.java:99) [portal-kernel.jar:?]
	at com.liferay.portal.kernel.servlet.filters.invoker.InvokerFilterChain.processDirectCallFilter(InvokerFilterChain.java:196) [portal-kernel.jar:?]
	at com.liferay.portal.kernel.servlet.filters.invoker.InvokerFilterChain.doFilter(InvokerFilterChain.java:99) [portal-kernel.jar:?]
	at org.tuckey.web.filters.urlrewrite.RuleChain.handleRewrite(RuleChain.java:176) [urlrewritefilter-4.0.4.jar:4.0.4]
	at org.tuckey.web.filters.urlrewrite.RuleChain.doRules(RuleChain.java:145) [urlrewritefilter-4.0.4.jar:4.0.4]
	at org.tuckey.web.filters.urlrewrite.UrlRewriter.processRequest(UrlRewriter.java:92) [urlrewritefilter-4.0.4.jar:4.0.4]
	at org.tuckey.web.filters.urlrewrite.UrlRewriteFilter.doFilter(UrlRewriteFilter.java:389) [urlrewritefilter-4.0.4.jar:4.0.4]
	at com.liferay.portal.url.rewrite.filter.internal.URLRewriteFilter.processFilter(URLRewriteFilter.java:99) [bundleFile:?]
	at com.liferay.portal.kernel.servlet.BaseFilter.doFilter(BaseFilter.java:49) [portal-kernel.jar:?]
	at com.liferay.portal.kernel.servlet.filters.invoker.InvokerFilterChain.processDoFilter(InvokerFilterChain.java:215) [portal-kernel.jar:?]
	at com.liferay.portal.kernel.servlet.filters.invoker.InvokerFilterChain.doFilter(InvokerFilterChain.java:116) [portal-kernel.jar:?]
	at com.liferay.portal.kernel.servlet.filters.invoker.InvokerFilterChain.processDirectCallFilter(InvokerFilterChain.java:175) [portal-kernel.jar:?]
	at com.liferay.portal.kernel.servlet.filters.invoker.InvokerFilterChain.doFilter(InvokerFilterChain.java:99) [portal-kernel.jar:?]
	at com.liferay.portal.kernel.servlet.filters.invoker.InvokerFilterChain.processDirectCallFilter(InvokerFilterChain.java:175) [portal-kernel.jar:?]
	at com.liferay.portal.kernel.servlet.filters.invoker.InvokerFilterChain.doFilter(InvokerFilterChain.java:99) [portal-kernel.jar:?]
	at com.liferay.portal.kernel.servlet.filters.invoker.InvokerFilterChain.processDirectCallFilter(InvokerFilterChain.java:196) [portal-kernel.jar:?]
	at com.liferay.portal.kernel.servlet.filters.invoker.InvokerFilterChain.doFilter(InvokerFilterChain.java:99) [portal-kernel.jar:?]
	at com.liferay.portal.kernel.servlet.filters.invoker.InvokerFilter.doFilter(InvokerFilter.java:104) [portal-kernel.jar:?]
	at com.liferay.shielded.container.internal.proxy.FilterWrapper.doFilter(FilterWrapper.java:79) [com.liferay.shielded.container.impl.jar:?]
	at org.apache.catalina.core.ApplicationFilterChain.internalDoFilter(ApplicationFilterChain.java:189) [catalina.jar:9.0.56]
	at org.apache.catalina.core.ApplicationFilterChain.doFilter(ApplicationFilterChain.java:162) [catalina.jar:9.0.56]
	at org.apache.catalina.core.StandardWrapperValve.invoke(StandardWrapperValve.java:197) [catalina.jar:9.0.56]
	at org.apache.catalina.core.StandardContextValve.invoke(StandardContextValve.java:97) [catalina.jar:9.0.56]
	at org.apache.catalina.authenticator.AuthenticatorBase.invoke(AuthenticatorBase.java:540) [catalina.jar:9.0.56]
	at org.apache.catalina.core.StandardHostValve.invoke(StandardHostValve.java:135) [catalina.jar:9.0.56]
	at org.apache.catalina.valves.ErrorReportValve.invoke(ErrorReportValve.java:92) [catalina.jar:9.0.56]
	at org.apache.catalina.core.StandardEngineValve.invoke(StandardEngineValve.java:78) [catalina.jar:9.0.56]
	at org.apache.catalina.connector.CoyoteAdapter.service(CoyoteAdapter.java:357) [catalina.jar:9.0.56]
	at org.apache.coyote.http11.Http11Processor.service(Http11Processor.java:382) [tomcat-coyote.jar:9.0.56]
	at org.apache.coyote.AbstractProcessorLight.process(AbstractProcessorLight.java:65) [tomcat-coyote.jar:9.0.56]
	at org.apache.coyote.AbstractProtocol$ConnectionHandler.process(AbstractProtocol.java:895) [tomcat-coyote.jar:9.0.56]
	at org.apache.tomcat.util.net.NioEndpoint$SocketProcessor.doRun(NioEndpoint.java:1732) [tomcat-coyote.jar:9.0.56]
	at org.apache.tomcat.util.net.SocketProcessorBase.run(SocketProcessorBase.java:49) [tomcat-coyote.jar:9.0.56]
	at org.apache.tomcat.util.threads.ThreadPoolExecutor.runWorker(ThreadPoolExecutor.java:1191) [tomcat-util.jar:9.0.56]
	at org.apache.tomcat.util.threads.ThreadPoolExecutor$Worker.run(ThreadPoolExecutor.java:659) [tomcat-util.jar:9.0.56]
	at org.apache.tomcat.util.threads.TaskThread$WrappingRunnable.run(TaskThread.java:61) [tomcat-util.jar:9.0.56]
	at java.lang.Thread.run(Thread.java:748) [?:1.8.0_301]
Caused by: java.lang.NumberFormatException: For input string: "com.liferay.object.rest.dto.v1_0.ObjectEntry"
	at java.lang.NumberFormatException.forInputString(NumberFormatException.java:65) ~[?:1.8.0_301]
	at java.lang.Long.parseLong(Long.java:589) ~[?:1.8.0_301]
	at java.lang.Long.<init>(Long.java:965) ~[?:1.8.0_301]
	at sun.reflect.NativeConstructorAccessorImpl.newInstance0(Native Method) ~[?:1.8.0_301]
	at sun.reflect.NativeConstructorAccessorImpl.newInstance(NativeConstructorAccessorImpl.java:62) ~[?:1.8.0_301]
	at sun.reflect.DelegatingConstructorAccessorImpl.newInstance(DelegatingConstructorAccessorImpl.java:45) ~[?:1.8.0_301]
	at java.lang.reflect.Constructor.newInstance(Constructor.java:423) ~[?:1.8.0_301]
	at org.apache.cxf.jaxrs.utils.InjectionUtils.handleParameter(InjectionUtils.java:496) ~[bundleFile:3.4.4]
	... 103 more
