2022-09-02 10:39:51.464 INFO  [fileinstall-directory-watcher][BundleStartStopLogger:77] STARTED myproject_1.0.0 [1559]
2022-09-02 11:11:54.446 ERROR [http-nio-8080-exec-5][VirtualHostFilter:381] null
org.apache.catalina.connector.ClientAbortException: java.io.IOException: Broken pipe
	at org.apache.catalina.connector.OutputBuffer.realWriteBytes(OutputBuffer.java:353) ~[catalina.jar:9.0.56]
	at org.apache.catalina.connector.OutputBuffer.appendByteArray(OutputBuffer.java:753) ~[catalina.jar:9.0.56]
	at org.apache.catalina.connector.OutputBuffer.append(OutputBuffer.java:682) ~[catalina.jar:9.0.56]
	at org.apache.catalina.connector.OutputBuffer.writeBytes(OutputBuffer.java:388) ~[catalina.jar:9.0.56]
	at org.apache.catalina.connector.OutputBuffer.write(OutputBuffer.java:366) ~[catalina.jar:9.0.56]
	at org.apache.catalina.connector.CoyoteOutputStream.write(CoyoteOutputStream.java:96) ~[catalina.jar:9.0.56]
	at com.liferay.portal.kernel.internal.servlet.RestrictedByteArrayCacheOutputStream.flush(RestrictedByteArrayCacheOutputStream.java:66) ~[portal-kernel.jar:?]
	at com.liferay.portal.kernel.servlet.RestrictedByteBufferCacheServletResponse.flushCache(RestrictedByteBufferCacheServletResponse.java:46) ~[portal-kernel.jar:?]
	at com.liferay.portal.servlet.filters.etag.ETagFilter._postProcessETag(ETagFilter.java:122) ~[portal-impl.jar:?]
	at com.liferay.portal.servlet.filters.etag.ETagFilter.processFilter(ETagFilter.java:102) ~[portal-impl.jar:?]
	at com.liferay.portal.kernel.servlet.BaseFilter.doFilter(BaseFilter.java:49) ~[portal-kernel.jar:?]
	at com.liferay.portal.kernel.servlet.filters.invoker.InvokerFilterChain.processDoFilter(InvokerFilterChain.java:215) ~[portal-kernel.jar:?]
	at com.liferay.portal.kernel.servlet.filters.invoker.InvokerFilterChain.doFilter(InvokerFilterChain.java:116) ~[portal-kernel.jar:?]
	at com.liferay.portal.kernel.servlet.BaseFilter.processFilter(BaseFilter.java:147) ~[portal-kernel.jar:?]
	at com.liferay.portal.servlet.filters.autologin.AutoLoginFilter.processFilter(AutoLoginFilter.java:262) ~[portal-impl.jar:?]
	at com.liferay.portal.kernel.servlet.BaseFilter.doFilter(BaseFilter.java:49) ~[portal-kernel.jar:?]
	at com.liferay.portal.kernel.servlet.filters.invoker.InvokerFilterChain.processDoFilter(InvokerFilterChain.java:215) ~[portal-kernel.jar:?]
	at com.liferay.portal.kernel.servlet.filters.invoker.InvokerFilterChain.doFilter(InvokerFilterChain.java:116) ~[portal-kernel.jar:?]
	at com.liferay.portal.kernel.servlet.BaseFilter.processFilter(BaseFilter.java:147) ~[portal-kernel.jar:?]
	at com.liferay.portal.monitoring.internal.servlet.filter.MonitoringFilter.processFilter(MonitoringFilter.java:139) ~[?:?]
	at com.liferay.portal.kernel.servlet.BaseFilter.doFilter(BaseFilter.java:49) ~[portal-kernel.jar:?]
	at com.liferay.portal.kernel.servlet.filters.invoker.InvokerFilterChain.processDoFilter(InvokerFilterChain.java:215) ~[portal-kernel.jar:?]
	at com.liferay.portal.kernel.servlet.filters.invoker.InvokerFilterChain.doFilter(InvokerFilterChain.java:116) ~[portal-kernel.jar:?]
	at org.tuckey.web.filters.urlrewrite.RuleChain.handleRewrite(RuleChain.java:176) ~[?:?]
	at org.tuckey.web.filters.urlrewrite.RuleChain.doRules(RuleChain.java:145) ~[?:?]
	at org.tuckey.web.filters.urlrewrite.UrlRewriter.processRequest(UrlRewriter.java:92) ~[?:?]
	at org.tuckey.web.filters.urlrewrite.UrlRewriteFilter.doFilter(UrlRewriteFilter.java:389) ~[?:?]
	at com.liferay.portal.url.rewrite.filter.internal.URLRewriteFilter.processFilter(URLRewriteFilter.java:99) ~[?:?]
	at com.liferay.portal.kernel.servlet.BaseFilter.doFilter(BaseFilter.java:49) ~[portal-kernel.jar:?]
	at com.liferay.portal.kernel.servlet.filters.invoker.InvokerFilterChain.processDoFilter(InvokerFilterChain.java:215) ~[portal-kernel.jar:?]
	at com.liferay.portal.kernel.servlet.filters.invoker.InvokerFilterChain.doFilter(InvokerFilterChain.java:116) ~[portal-kernel.jar:?]
	at com.liferay.portal.kernel.servlet.filters.invoker.InvokerFilter.doFilter(InvokerFilter.java:104) ~[portal-kernel.jar:?]
	at com.liferay.shielded.container.internal.proxy.FilterWrapper.doFilter(FilterWrapper.java:79) ~[com.liferay.shielded.container.impl.jar:?]
	at org.apache.catalina.core.ApplicationFilterChain.internalDoFilter(ApplicationFilterChain.java:189) ~[catalina.jar:9.0.56]
	at org.apache.catalina.core.ApplicationFilterChain.doFilter(ApplicationFilterChain.java:162) ~[catalina.jar:9.0.56]
	at org.apache.catalina.core.ApplicationDispatcher.invoke(ApplicationDispatcher.java:711) ~[catalina.jar:9.0.56]
	at org.apache.catalina.core.ApplicationDispatcher.processRequest(ApplicationDispatcher.java:459) ~[catalina.jar:9.0.56]
	at org.apache.catalina.core.ApplicationDispatcher.doForward(ApplicationDispatcher.java:385) ~[catalina.jar:9.0.56]
	at org.apache.catalina.core.ApplicationDispatcher.forward(ApplicationDispatcher.java:313) ~[catalina.jar:9.0.56]
	at com.liferay.portal.servlet.filters.virtualhost.VirtualHostFilter.processFilter(VirtualHostFilter.java:378) [portal-impl.jar:?]
	at com.liferay.portal.kernel.servlet.BaseFilter.doFilter(BaseFilter.java:49) [portal-kernel.jar:?]
	at com.liferay.portal.kernel.servlet.filters.invoker.InvokerFilterChain.processDoFilter(InvokerFilterChain.java:215) [portal-kernel.jar:?]
	at com.liferay.portal.kernel.servlet.filters.invoker.InvokerFilterChain.doFilter(InvokerFilterChain.java:116) [portal-kernel.jar:?]
	at com.liferay.portal.kernel.servlet.filters.invoker.InvokerFilterChain.processDirectCallFilter(InvokerFilterChain.java:196) [portal-kernel.jar:?]
	at com.liferay.portal.kernel.servlet.filters.invoker.InvokerFilterChain.doFilter(InvokerFilterChain.java:99) [portal-kernel.jar:?]
	at com.liferay.portal.kernel.servlet.filters.invoker.InvokerFilterChain.processDirectCallFilter(InvokerFilterChain.java:196) [portal-kernel.jar:?]
	at com.liferay.portal.kernel.servlet.filters.invoker.InvokerFilterChain.doFilter(InvokerFilterChain.java:99) [portal-kernel.jar:?]
	at org.tuckey.web.filters.urlrewrite.RuleChain.handleRewrite(RuleChain.java:176) [urlrewritefilter-4.0.4.jar:4.0.4]
	at org.tuckey.web.filters.urlrewrite.RuleChain.doRules(RuleChain.java:145) [urlrewritefilter-4.0.4.jar:4.0.4]
	at org.tuckey.web.filters.urlrewrite.UrlRewriter.processRequest(UrlRewriter.java:92) [urlrewritefilter-4.0.4.jar:4.0.4]
	at org.tuckey.web.filters.urlrewrite.UrlRewriteFilter.doFilter(UrlRewriteFilter.java:389) [urlrewritefilter-4.0.4.jar:4.0.4]
	at com.liferay.portal.url.rewrite.filter.internal.URLRewriteFilter.processFilter(URLRewriteFilter.java:99) [bundleFile:?]
	at com.liferay.portal.kernel.servlet.BaseFilter.doFilter(BaseFilter.java:49) [portal-kernel.jar:?]
	at com.liferay.portal.kernel.servlet.filters.invoker.InvokerFilterChain.processDoFilter(InvokerFilterChain.java:215) [portal-kernel.jar:?]
	at com.liferay.portal.kernel.servlet.filters.invoker.InvokerFilterChain.doFilter(InvokerFilterChain.java:116) [portal-kernel.jar:?]
	at com.liferay.portal.kernel.servlet.filters.invoker.InvokerFilterChain.processDirectCallFilter(InvokerFilterChain.java:175) [portal-kernel.jar:?]
	at com.liferay.portal.kernel.servlet.filters.invoker.InvokerFilterChain.doFilter(InvokerFilterChain.java:99) [portal-kernel.jar:?]
	at com.liferay.portal.kernel.servlet.filters.invoker.InvokerFilterChain.processDirectCallFilter(InvokerFilterChain.java:175) [portal-kernel.jar:?]
	at com.liferay.portal.kernel.servlet.filters.invoker.InvokerFilterChain.doFilter(InvokerFilterChain.java:99) [portal-kernel.jar:?]
	at com.liferay.portal.kernel.servlet.filters.invoker.InvokerFilterChain.processDirectCallFilter(InvokerFilterChain.java:196) [portal-kernel.jar:?]
	at com.liferay.portal.kernel.servlet.filters.invoker.InvokerFilterChain.doFilter(InvokerFilterChain.java:99) [portal-kernel.jar:?]
	at com.liferay.portal.kernel.servlet.filters.invoker.InvokerFilter.doFilter(InvokerFilter.java:104) [portal-kernel.jar:?]
	at com.liferay.shielded.container.internal.proxy.FilterWrapper.doFilter(FilterWrapper.java:79) [com.liferay.shielded.container.impl.jar:?]
	at org.apache.catalina.core.ApplicationFilterChain.internalDoFilter(ApplicationFilterChain.java:189) [catalina.jar:9.0.56]
	at org.apache.catalina.core.ApplicationFilterChain.doFilter(ApplicationFilterChain.java:162) [catalina.jar:9.0.56]
	at org.apache.catalina.core.StandardWrapperValve.invoke(StandardWrapperValve.java:197) [catalina.jar:9.0.56]
	at org.apache.catalina.core.StandardContextValve.invoke(StandardContextValve.java:97) [catalina.jar:9.0.56]
	at org.apache.catalina.authenticator.AuthenticatorBase.invoke(AuthenticatorBase.java:540) [catalina.jar:9.0.56]
	at org.apache.catalina.core.StandardHostValve.invoke(StandardHostValve.java:135) [catalina.jar:9.0.56]
	at org.apache.catalina.valves.ErrorReportValve.invoke(ErrorReportValve.java:92) [catalina.jar:9.0.56]
	at org.apache.catalina.core.StandardEngineValve.invoke(StandardEngineValve.java:78) [catalina.jar:9.0.56]
	at org.apache.catalina.connector.CoyoteAdapter.service(CoyoteAdapter.java:357) [catalina.jar:9.0.56]
	at org.apache.coyote.http11.Http11Processor.service(Http11Processor.java:382) [tomcat-coyote.jar:9.0.56]
	at org.apache.coyote.AbstractProcessorLight.process(AbstractProcessorLight.java:65) [tomcat-coyote.jar:9.0.56]
	at org.apache.coyote.AbstractProtocol$ConnectionHandler.process(AbstractProtocol.java:895) [tomcat-coyote.jar:9.0.56]
	at org.apache.tomcat.util.net.NioEndpoint$SocketProcessor.doRun(NioEndpoint.java:1732) [tomcat-coyote.jar:9.0.56]
	at org.apache.tomcat.util.net.SocketProcessorBase.run(SocketProcessorBase.java:49) [tomcat-coyote.jar:9.0.56]
	at org.apache.tomcat.util.threads.ThreadPoolExecutor.runWorker(ThreadPoolExecutor.java:1191) [tomcat-util.jar:9.0.56]
	at org.apache.tomcat.util.threads.ThreadPoolExecutor$Worker.run(ThreadPoolExecutor.java:659) [tomcat-util.jar:9.0.56]
	at org.apache.tomcat.util.threads.TaskThread$WrappingRunnable.run(TaskThread.java:61) [tomcat-util.jar:9.0.56]
	at java.lang.Thread.run(Thread.java:748) [?:1.8.0_301]
Caused by: java.io.IOException: Broken pipe
	at sun.nio.ch.FileDispatcherImpl.write0(Native Method) ~[?:1.8.0_301]
	at sun.nio.ch.SocketDispatcher.write(SocketDispatcher.java:47) ~[?:1.8.0_301]
	at sun.nio.ch.IOUtil.writeFromNativeBuffer(IOUtil.java:93) ~[?:1.8.0_301]
	at sun.nio.ch.IOUtil.write(IOUtil.java:65) ~[?:1.8.0_301]
	at sun.nio.ch.SocketChannelImpl.write(SocketChannelImpl.java:469) ~[?:1.8.0_301]
	at org.apache.tomcat.util.net.NioChannel.write(NioChannel.java:135) ~[tomcat-coyote.jar:9.0.56]
	at org.apache.tomcat.util.net.NioEndpoint$NioSocketWrapper.doWrite(NioEndpoint.java:1373) ~[tomcat-coyote.jar:9.0.56]
	at org.apache.tomcat.util.net.SocketWrapperBase.doWrite(SocketWrapperBase.java:766) ~[tomcat-coyote.jar:9.0.56]
	at org.apache.tomcat.util.net.SocketWrapperBase.writeBlocking(SocketWrapperBase.java:586) ~[tomcat-coyote.jar:9.0.56]
	at org.apache.tomcat.util.net.SocketWrapperBase.write(SocketWrapperBase.java:530) ~[tomcat-coyote.jar:9.0.56]
	at org.apache.coyote.http11.Http11OutputBuffer$SocketOutputBuffer.doWrite(Http11OutputBuffer.java:547) ~[tomcat-coyote.jar:9.0.56]
	at org.apache.coyote.http11.filters.IdentityOutputFilter.doWrite(IdentityOutputFilter.java:73) ~[tomcat-coyote.jar:9.0.56]
	at org.apache.coyote.http11.Http11OutputBuffer.doWrite(Http11OutputBuffer.java:194) ~[tomcat-coyote.jar:9.0.56]
	at org.apache.coyote.Response.doWrite(Response.java:615) ~[tomcat-coyote.jar:9.0.56]
	at org.apache.catalina.connector.OutputBuffer.realWriteBytes(OutputBuffer.java:340) ~[catalina.jar:9.0.56]
	... 80 more

