2023-01-19 05:53:33.941 ERROR [default-17][BatchEngineImportTaskExecutorImpl:101] Unable to update batch engine import task {"mvccVersion": 1, "uuid": "e683764e-94c6-510a-51f9-c74624a90201", "externalReferenceCode": "44194", "batchEngineImportTaskId": 38, "companyId": 20097, "userId": 20125, "createDate": "Thu Jan 19 05:53:33 GMT 2023", "modifiedDate": "Thu Jan 19 05:53:33 GMT 2023", "batchSize": 100, "callbackURL": "", "className": "com.liferay.headless.delivery.dto.v1_0.BlogPosting", "contentType": "JSON", "endTime": "null", "errorMessage": "", "executeStatus": "STARTED", "fieldNameMapping": "null", "importStrategy": 2, "operation": "UPDATE", "parameters": "{containsHeaders=false, updateStrategy=PARTIAL_UPDATE, siteId=20121, createStrategy=UPDATE, taskItemDelegateName=DEFAULT, onErrorFail=true}", "processedItemsCount": 0, "startTime": "Thu Jan 19 05:53:33 GMT 2023", "taskItemDelegateName": "DEFAULT", "totalItemsCount": 1}
java.lang.ClassCastException: [[Ljava.lang.Long; cannot be cast to [Ljava.lang.Long;
	at com.liferay.headless.delivery.internal.resource.v1_0.BlogPostingResourceImpl.preparePatch(BlogPostingResourceImpl.java:316) ~[?:?]
	at com.liferay.headless.delivery.internal.resource.v1_0.BaseBlogPostingResourceImpl.patchBlogPosting(BaseBlogPostingResourceImpl.java:313) ~[?:?]
	at com.liferay.headless.delivery.internal.resource.v1_0.BaseBlogPostingResourceImpl.lambda$update$2(BaseBlogPostingResourceImpl.java:1347) ~[?:?]
	at com.liferay.batch.engine.internal.strategy.OnErrorFailBatchEngineImportStrategy.apply(OnErrorFailBatchEngineImportStrategy.java:44) ~[?:?]
	at com.liferay.headless.delivery.internal.resource.v1_0.BaseBlogPostingResourceImpl.update(BaseBlogPostingResourceImpl.java:1367) ~[?:?]
	at com.liferay.portal.vulcan.internal.batch.engine.VulcanBatchEngineTaskItemDelegateAdaptor.update(VulcanBatchEngineTaskItemDelegateAdaptor.java:154) ~[?:?]
	at com.liferay.batch.engine.internal.item.BatchEngineTaskItemDelegateExecutor.saveItems(BatchEngineTaskItemDelegateExecutor.java:103) ~[?:?]
	at com.liferay.batch.engine.internal.BatchEngineImportTaskExecutorImpl.lambda$_commitItems$1(BatchEngineImportTaskExecutorImpl.java:138) ~[?:?]
	at com.liferay.portal.spring.transaction.BaseTransactionExecutor.execute(BaseTransactionExecutor.java:37) ~[portal-impl.jar:?]
	at com.liferay.portal.spring.transaction.TransactionInvokerImpl.invoke(TransactionInvokerImpl.java:39) ~[portal-impl.jar:?]
	at com.liferay.portal.kernel.transaction.TransactionInvokerUtil.invoke(TransactionInvokerUtil.java:28) ~[portal-kernel.jar:?]
	at com.liferay.batch.engine.internal.BatchEngineImportTaskExecutorImpl._commitItems(BatchEngineImportTaskExecutorImpl.java:135) ~[?:?]
	at com.liferay.batch.engine.internal.BatchEngineImportTaskExecutorImpl._importItems(BatchEngineImportTaskExecutorImpl.java:276) ~[?:?]
	at com.liferay.batch.engine.internal.BatchEngineImportTaskExecutorImpl.lambda$execute$0(BatchEngineImportTaskExecutorImpl.java:93) ~[?:?]
	at com.liferay.batch.engine.internal.BatchEngineTaskExecutorUtil.execute(BatchEngineTaskExecutorUtil.java:45) ~[?:?]
	at com.liferay.batch.engine.internal.BatchEngineImportTaskExecutorImpl.execute(BatchEngineImportTaskExecutorImpl.java:92) ~[?:?]
	at com.liferay.headless.batch.engine.internal.resource.v1_0.ImportTaskResourceImpl.lambda$_importFile$2(ImportTaskResourceImpl.java:485) ~[?:?]
	at java.util.concurrent.Executors$RunnableAdapter.call(Executors.java:511) [?:1.8.0_301]
	at java.util.concurrent.FutureTask.run(FutureTask.java:266) [?:1.8.0_301]
	at java.util.concurrent.ThreadPoolExecutor.runWorker(ThreadPoolExecutor.java:1149) [?:1.8.0_301]
	at java.util.concurrent.ThreadPoolExecutor$Worker.run(ThreadPoolExecutor.java:624) [?:1.8.0_301]
	at java.lang.Thread.run(Thread.java:748) [?:1.8.0_301]
