ERROR [default-17][BatchEngineImportTaskExecutorImpl:101] Unable to update batch engine import task {"mvccVersion": 1, "uuid": "d6d25ff2-9eb6-bcf2-a316-d9a3910f32e0", "externalReferenceCode": "43755", "batchEngineImportTaskId": 1, "companyId": 20097, "userId": 20125, "createDate": "Thu Jan 19 04:35:49 GMT 2023", "modifiedDate": "Thu Jan 19 04:35:49 GMT 2023", "batchSize": 100, "callbackURL": "", "className": "com.liferay.headless.commerce.admin.catalog.dto.v1_0.Product", "contentType": "JSON", "endTime": "null", "errorMessage": "", "executeStatus": "STARTED", "fieldNameMapping": "{customFields=customFields, expando=expando, active=active, description=description, productStatus=productStatus, productAccountGroupFilter=productAccountGroupFilter, productChannelFilter=productChannelFilter, shortDescription=shortDescription, metaDescription=metaDescription, workflowStatusInfo=workflowStatusInfo, externalReferenceCode=externalReferenceCode, tags=tags, urls=urls, catalogId=catalogId, metaTitle=metaTitle, displayDate=displayDate, name=name, modifiedDate=modifiedDate, categories=categories, productType=productType, metaKeyword=metaKeyword, createDate=createDate}", "importStrategy": 2, "operation": "CREATE", "parameters": "{containsHeaders=false, updateStrategy=PARTIAL_UPDATE, createStrategy=UPSERT, taskItemDelegateName=DEFAULT, onErrorFail=true}", "processedItemsCount": 0, "startTime": "Thu Jan 19 04:35:49 GMT 2023", "taskItemDelegateName": "DEFAULT", "totalItemsCount": 2}
javax.ws.rs.NotSupportedException: Create strategy "UPSERT" is not supported for Product
	at com.liferay.headless.commerce.admin.catalog.internal.resource.v1_0.BaseProductResourceImpl.create(BaseProductResourceImpl.java:669) ~[?:?]
	at com.liferay.portal.vulcan.internal.batch.engine.VulcanBatchEngineTaskItemDelegateAdaptor.create(VulcanBatchEngineTaskItemDelegateAdaptor.java:65) ~[?:?]
	at com.liferay.batch.engine.internal.item.BatchEngineTaskItemDelegateExecutor.saveItems(BatchEngineTaskItemDelegateExecutor.java:97) ~[?:?]
	at com.liferay.batch.engine.internal.BatchEngineImportTaskExecutorImpl.lambda$_commitItems$1(BatchEngineImportTaskExecutorImpl.java:138) ~[?:?]
	at com.liferay.portal.spring.transaction.BaseTransactionExecutor.execute(BaseTransactionExecutor.java:37) ~[portal-impl.jar:?]
	at com.liferay.portal.spring.transaction.TransactionInvokerImpl.invoke(TransactionInvokerImpl.java:39) ~[portal-impl.jar:?]
	at com.liferay.portal.kernel.transaction.TransactionInvokerUtil.invoke(TransactionInvokerUtil.java:28) ~[portal-kernel.jar:?]
	at com.liferay.batch.engine.internal.BatchEngineImportTaskExecutorImpl._commitItems(BatchEngineImportTaskExecutorImpl.java:135) ~[?:?]
	at com.liferay.batch.engine.internal.BatchEngineImportTaskExecutorImpl._importItems(BatchEngineImportTaskExecutorImpl.java:276) ~[?:?]
	at com.liferay.batch.engine.internal.BatchEngineImportTaskExecutorImpl.lambda$execute$0(BatchEngineImportTaskExecutorImpl.java:93) ~[?:?]
	at com.liferay.batch.engine.internal.BatchEngineTaskExecutorUtil.execute(BatchEngineTaskExecutorUtil.java:45) ~[?:?]
	at com.liferay.batch.engine.internal.BatchEngineImportTaskExecutorImpl.execute(BatchEngineImportTaskExecutorImpl.java:92) ~[?:?]
	at com.liferay.headless.batch.engine.internal.resource.v1_0.ImportTaskResourceImpl.lambda$_importFile$2(ImportTaskResourceImpl.java:485) ~[?:?]
	at java.util.concurrent.Executors$RunnableAdapter.call(Executors.java:511) [?:1.8.0_301]
	at java.util.concurrent.FutureTask.run(FutureTask.java:266) [?:1.8.0_301]
	at java.util.concurrent.ThreadPoolExecutor.runWorker(ThreadPoolExecutor.java:1149) [?:1.8.0_301]
	at java.util.concurrent.ThreadPoolExecutor$Worker.run(ThreadPoolExecutor.java:624) [?:1.8.0_301]
	at java.lang.Thread.run(Thread.java:748) [?:1.8.0_301]
